This is pdfTeX, Version 3.141592653-2.6-1.40.25 (TeX Live 2023/nixos.org) (preloaded format=pdflatex 1980.1.1)  12 OCT 2024 15:21
entering extended mode
 restricted \write18 enabled.
 %&-line parsing enabled.
**Ass1.tex
(./Ass1.tex
LaTeX2e <2023-11-01> patch level 1
L3 programming layer <2024-02-20>

(/nix/store/nn50xms44xc7fhb1cm6vicw77hpppxzl-texlive-2023-env-texmfdist/tex/lat
ex/base/article.cls
Document Class: article 2023/05/17 v1.4n Standard LaTeX document class

(/nix/store/nn50xms44xc7fhb1cm6vicw77hpppxzl-texlive-2023-env-texmfdist/tex/lat
ex/base/size10.clo
File: size10.clo 2023/05/17 v1.4n Standard LaTeX file (size option)
)
\c@part=\count188
\c@section=\count189
\c@subsection=\count190
\c@subsubsection=\count191
\c@paragraph=\count192
\c@subparagraph=\count193
\c@figure=\count194
\c@table=\count195
\abovecaptionskip=\skip48
\belowcaptionskip=\skip49
\bibindent=\dimen140
)
(/nix/store/nn50xms44xc7fhb1cm6vicw77hpppxzl-texlive-2023-env-texmfdist/tex/lat
ex/amsmath/amsmath.sty
Package: amsmath 2023/05/13 v2.17o AMS math features
\@mathmargin=\skip50
For additional information on amsmath, use the `?' option.

(/nix/store/nn50xms44xc7fhb1cm6vicw77hpppxzl-texlive-2023-env-texmfdist/tex/lat
ex/amsmath/amstext.sty
Package: amstext 2021/08/26 v2.01 AMS text

(/nix/store/nn50xms44xc7fhb1cm6vicw77hpppxzl-texlive-2023-env-texmfdist/tex/lat
ex/amsmath/amsgen.sty
File: amsgen.sty 1999/11/30 v2.0 generic functions
\@emptytoks=\toks17
\ex@=\dimen141
))
(/nix/store/nn50xms44xc7fhb1cm6vicw77hpppxzl-texlive-2023-env-texmfdist/tex/lat
ex/amsmath/amsbsy.sty
Package: amsbsy 1999/11/29 v1.2d Bold Symbols
\pmbraise@=\dimen142
)
(/nix/store/nn50xms44xc7fhb1cm6vicw77hpppxzl-texlive-2023-env-texmfdist/tex/lat
ex/amsmath/amsopn.sty
Package: amsopn 2022/04/08 v2.04 operator names
)
\inf@bad=\count196
LaTeX Info: Redefining \frac on input line 234.
\uproot@=\count197
\leftroot@=\count198
LaTeX Info: Redefining \overline on input line 399.
LaTeX Info: Redefining \colon on input line 410.
\classnum@=\count199
\DOTSCASE@=\count266
LaTeX Info: Redefining \ldots on input line 496.
LaTeX Info: Redefining \dots on input line 499.
LaTeX Info: Redefining \cdots on input line 620.
\Mathstrutbox@=\box51
\strutbox@=\box52
LaTeX Info: Redefining \big on input line 722.
LaTeX Info: Redefining \Big on input line 723.
LaTeX Info: Redefining \bigg on input line 724.
LaTeX Info: Redefining \Bigg on input line 725.
\big@size=\dimen143
LaTeX Font Info:    Redeclaring font encoding OML on input line 743.
LaTeX Font Info:    Redeclaring font encoding OMS on input line 744.
\macc@depth=\count267
LaTeX Info: Redefining \bmod on input line 905.
LaTeX Info: Redefining \pmod on input line 910.
LaTeX Info: Redefining \smash on input line 940.
LaTeX Info: Redefining \relbar on input line 970.
LaTeX Info: Redefining \Relbar on input line 971.
\c@MaxMatrixCols=\count268
\dotsspace@=\muskip16
\c@parentequation=\count269
\dspbrk@lvl=\count270
\tag@help=\toks18
\row@=\count271
\column@=\count272
\maxfields@=\count273
\andhelp@=\toks19
\eqnshift@=\dimen144
\alignsep@=\dimen145
\tagshift@=\dimen146
\tagwidth@=\dimen147
\totwidth@=\dimen148
\lineht@=\dimen149
\@envbody=\toks20
\multlinegap=\skip51
\multlinetaggap=\skip52
\mathdisplay@stack=\toks21
LaTeX Info: Redefining \[ on input line 2953.
LaTeX Info: Redefining \] on input line 2954.
)
(/nix/store/nn50xms44xc7fhb1cm6vicw77hpppxzl-texlive-2023-env-texmfdist/tex/lat
ex/amsfonts/amssymb.sty
Package: amssymb 2013/01/14 v3.01 AMS font symbols

(/nix/store/nn50xms44xc7fhb1cm6vicw77hpppxzl-texlive-2023-env-texmfdist/tex/lat
ex/amsfonts/amsfonts.sty
Package: amsfonts 2013/01/14 v3.01 Basic AMSFonts support
\symAMSa=\mathgroup4
\symAMSb=\mathgroup5
LaTeX Font Info:    Redeclaring math symbol \hbar on input line 98.
LaTeX Font Info:    Overwriting math alphabet `\mathfrak' in version `bold'
(Font)                  U/euf/m/n --> U/euf/b/n on input line 106.
))
(/nix/store/nn50xms44xc7fhb1cm6vicw77hpppxzl-texlive-2023-env-texmfdist/tex/gen
eric/iftex/iftex.sty
Package: iftex 2022/02/03 v1.0f TeX engine tests
)
(/nix/store/nn50xms44xc7fhb1cm6vicw77hpppxzl-texlive-2023-env-texmfdist/tex/lat
ex/base/fontenc.sty
Package: fontenc 2021/04/29 v2.0v Standard LaTeX package
)
(/nix/store/nn50xms44xc7fhb1cm6vicw77hpppxzl-texlive-2023-env-texmfdist/tex/lat
ex/base/inputenc.sty
Package: inputenc 2021/02/14 v1.3d Input encoding file
\inpenc@prehook=\toks22
\inpenc@posthook=\toks23
)
(/nix/store/nn50xms44xc7fhb1cm6vicw77hpppxzl-texlive-2023-env-texmfdist/tex/lat
ex/base/textcomp.sty
Package: textcomp 2020/02/02 v2.0n Standard LaTeX package
)
(/nix/store/nn50xms44xc7fhb1cm6vicw77hpppxzl-texlive-2023-env-texmfdist/tex/lat
ex/lm/lmodern.sty
Package: lmodern 2015/05/01 v1.6.1 Latin Modern Fonts
LaTeX Font Info:    Overwriting symbol font `operators' in version `normal'
(Font)                  OT1/cmr/m/n --> OT1/lmr/m/n on input line 22.
LaTeX Font Info:    Overwriting symbol font `letters' in version `normal'
(Font)                  OML/cmm/m/it --> OML/lmm/m/it on input line 23.
LaTeX Font Info:    Overwriting symbol font `symbols' in version `normal'
(Font)                  OMS/cmsy/m/n --> OMS/lmsy/m/n on input line 24.
LaTeX Font Info:    Overwriting symbol font `largesymbols' in version `normal'
(Font)                  OMX/cmex/m/n --> OMX/lmex/m/n on input line 25.
LaTeX Font Info:    Overwriting symbol font `operators' in version `bold'
(Font)                  OT1/cmr/bx/n --> OT1/lmr/bx/n on input line 26.
LaTeX Font Info:    Overwriting symbol font `letters' in version `bold'
(Font)                  OML/cmm/b/it --> OML/lmm/b/it on input line 27.
LaTeX Font Info:    Overwriting symbol font `symbols' in version `bold'
(Font)                  OMS/cmsy/b/n --> OMS/lmsy/b/n on input line 28.
LaTeX Font Info:    Overwriting symbol font `largesymbols' in version `bold'
(Font)                  OMX/cmex/m/n --> OMX/lmex/m/n on input line 29.
LaTeX Font Info:    Overwriting math alphabet `\mathbf' in version `normal'
(Font)                  OT1/cmr/bx/n --> OT1/lmr/bx/n on input line 31.
LaTeX Font Info:    Overwriting math alphabet `\mathsf' in version `normal'
(Font)                  OT1/cmss/m/n --> OT1/lmss/m/n on input line 32.
LaTeX Font Info:    Overwriting math alphabet `\mathit' in version `normal'
(Font)                  OT1/cmr/m/it --> OT1/lmr/m/it on input line 33.
LaTeX Font Info:    Overwriting math alphabet `\mathtt' in version `normal'
(Font)                  OT1/cmtt/m/n --> OT1/lmtt/m/n on input line 34.
LaTeX Font Info:    Overwriting math alphabet `\mathbf' in version `bold'
(Font)                  OT1/cmr/bx/n --> OT1/lmr/bx/n on input line 35.
LaTeX Font Info:    Overwriting math alphabet `\mathsf' in version `bold'
(Font)                  OT1/cmss/bx/n --> OT1/lmss/bx/n on input line 36.
LaTeX Font Info:    Overwriting math alphabet `\mathit' in version `bold'
(Font)                  OT1/cmr/bx/it --> OT1/lmr/bx/it on input line 37.
LaTeX Font Info:    Overwriting math alphabet `\mathtt' in version `bold'
(Font)                  OT1/cmtt/m/n --> OT1/lmtt/m/n on input line 38.
)
(/nix/store/nn50xms44xc7fhb1cm6vicw77hpppxzl-texlive-2023-env-texmfdist/tex/lat
ex/upquote/upquote.sty
Package: upquote 2012/04/19 v1.3 upright-quote and grave-accent glyphs in verba
tim
)
(/nix/store/nn50xms44xc7fhb1cm6vicw77hpppxzl-texlive-2023-env-texmfdist/tex/lat
ex/microtype/microtype.sty
Package: microtype 2023/03/13 v3.1a Micro-typographical refinements (RS)

(/nix/store/nn50xms44xc7fhb1cm6vicw77hpppxzl-texlive-2023-env-texmfdist/tex/lat
ex/graphics/keyval.sty
Package: keyval 2022/05/29 v1.15 key=value parser (DPC)
\KV@toks@=\toks24
)
(/nix/store/nn50xms44xc7fhb1cm6vicw77hpppxzl-texlive-2023-env-texmfdist/tex/lat
ex/etoolbox/etoolbox.sty
Package: etoolbox 2020/10/05 v2.5k e-TeX tools for LaTeX (JAW)
\etb@tempcnta=\count274
)
\MT@toks=\toks25
\MT@tempbox=\box53
\MT@count=\count275
LaTeX Info: Redefining \noprotrusionifhmode on input line 1059.
LaTeX Info: Redefining \leftprotrusion on input line 1060.
\MT@prot@toks=\toks26
LaTeX Info: Redefining \rightprotrusion on input line 1078.
LaTeX Info: Redefining \textls on input line 1368.
\MT@outer@kern=\dimen150
LaTeX Info: Redefining \textmicrotypecontext on input line 1988.
\MT@listname@count=\count276

(/nix/store/nn50xms44xc7fhb1cm6vicw77hpppxzl-texlive-2023-env-texmfdist/tex/lat
ex/microtype/microtype-pdftex.def
File: microtype-pdftex.def 2023/03/13 v3.1a Definitions specific to pdftex (RS)

LaTeX Info: Redefining \lsstyle on input line 902.
LaTeX Info: Redefining \lslig on input line 902.
\MT@outer@space=\skip53
)
Package microtype Info: Loading configuration file microtype.cfg.

(/nix/store/nn50xms44xc7fhb1cm6vicw77hpppxzl-texlive-2023-env-texmfdist/tex/lat
ex/microtype/microtype.cfg
File: microtype.cfg 2023/03/13 v3.1a microtype main configuration file (RS)
))
(/nix/store/nn50xms44xc7fhb1cm6vicw77hpppxzl-texlive-2023-env-texmfdist/tex/lat
ex/parskip/parskip.sty
Package: parskip 2021-03-14 v2.0h non-zero parskip adjustments

(/nix/store/nn50xms44xc7fhb1cm6vicw77hpppxzl-texlive-2023-env-texmfdist/tex/lat
ex/kvoptions/kvoptions.sty
Package: kvoptions 2022-06-15 v3.15 Key value format for package options (HO)

(/nix/store/nn50xms44xc7fhb1cm6vicw77hpppxzl-texlive-2023-env-texmfdist/tex/gen
eric/ltxcmds/ltxcmds.sty
Package: ltxcmds 2023-12-04 v1.26 LaTeX kernel commands for general use (HO)
)
(/nix/store/nn50xms44xc7fhb1cm6vicw77hpppxzl-texlive-2023-env-texmfdist/tex/lat
ex/kvsetkeys/kvsetkeys.sty
Package: kvsetkeys 2022-10-05 v1.19 Key value parser (HO)
)))
(/nix/store/nn50xms44xc7fhb1cm6vicw77hpppxzl-texlive-2023-env-texmfdist/tex/lat
ex/xcolor/xcolor.sty
Package: xcolor 2023/11/15 v3.01 LaTeX color extensions (UK)

(/nix/store/nn50xms44xc7fhb1cm6vicw77hpppxzl-texlive-2023-env-texmfdist/tex/lat
ex/graphics-cfg/color.cfg
File: color.cfg 2016/01/02 v1.6 sample color configuration
)
Package xcolor Info: Driver file: pdftex.def on input line 274.

(/nix/store/nn50xms44xc7fhb1cm6vicw77hpppxzl-texlive-2023-env-texmfdist/tex/lat
ex/graphics-def/pdftex.def
File: pdftex.def 2022/09/22 v1.2b Graphics/color driver for pdftex
)
(/nix/store/nn50xms44xc7fhb1cm6vicw77hpppxzl-texlive-2023-env-texmfdist/tex/lat
ex/graphics/mathcolor.ltx)
Package xcolor Info: Model `cmy' substituted by `cmy0' on input line 1350.
Package xcolor Info: Model `hsb' substituted by `rgb' on input line 1354.
Package xcolor Info: Model `RGB' extended on input line 1366.
Package xcolor Info: Model `HTML' substituted by `rgb' on input line 1368.
Package xcolor Info: Model `Hsb' substituted by `hsb' on input line 1369.
Package xcolor Info: Model `tHsb' substituted by `hsb' on input line 1370.
Package xcolor Info: Model `HSB' substituted by `hsb' on input line 1371.
Package xcolor Info: Model `Gray' substituted by `gray' on input line 1372.
Package xcolor Info: Model `wave' substituted by `hsb' on input line 1373.
)
(/nix/store/nn50xms44xc7fhb1cm6vicw77hpppxzl-texlive-2023-env-texmfdist/tex/lat
ex/geometry/geometry.sty
Package: geometry 2020/01/02 v5.9 Page Geometry

(/nix/store/nn50xms44xc7fhb1cm6vicw77hpppxzl-texlive-2023-env-texmfdist/tex/gen
eric/iftex/ifvtex.sty
Package: ifvtex 2019/10/25 v1.7 ifvtex legacy package. Use iftex instead.
)
\Gm@cnth=\count277
\Gm@cntv=\count278
\c@Gm@tempcnt=\count279
\Gm@bindingoffset=\dimen151
\Gm@wd@mp=\dimen152
\Gm@odd@mp=\dimen153
\Gm@even@mp=\dimen154
\Gm@layoutwidth=\dimen155
\Gm@layoutheight=\dimen156
\Gm@layouthoffset=\dimen157
\Gm@layoutvoffset=\dimen158
\Gm@dimlist=\toks27
)
(/nix/store/nn50xms44xc7fhb1cm6vicw77hpppxzl-texlive-2023-env-texmfdist/tex/lat
ex/fancyvrb/fancyvrb.sty
Package: fancyvrb 2024/01/20 4.5c verbatim text (tvz,hv)
\FV@CodeLineNo=\count280
\FV@InFile=\read2
\FV@TabBox=\box54
\c@FancyVerbLine=\count281
\FV@StepNumber=\count282
\FV@OutFile=\write3
)
(/nix/store/nn50xms44xc7fhb1cm6vicw77hpppxzl-texlive-2023-env-texmfdist/tex/lat
ex/framed/framed.sty
Package: framed 2011/10/22 v 0.96: framed or shaded text with page breaks
\OuterFrameSep=\skip54
\fb@frw=\dimen159
\fb@frh=\dimen160
\FrameRule=\dimen161
\FrameSep=\dimen162
)
(/nix/store/nn50xms44xc7fhb1cm6vicw77hpppxzl-texlive-2023-env-texmfdist/tex/lat
ex/tools/longtable.sty
Package: longtable 2023-11-01 v4.19 Multi-page Table package (DPC)
\LTleft=\skip55
\LTright=\skip56
\LTpre=\skip57
\LTpost=\skip58
\LTchunksize=\count283
\LTcapwidth=\dimen163
\LT@head=\box55
\LT@firsthead=\box56
\LT@foot=\box57
\LT@lastfoot=\box58
\LT@gbox=\box59
\LT@cols=\count284
\LT@rows=\count285
\c@LT@tables=\count286
\c@LT@chunks=\count287
\LT@p@ftn=\toks28
)
(/nix/store/nn50xms44xc7fhb1cm6vicw77hpppxzl-texlive-2023-env-texmfdist/tex/lat
ex/booktabs/booktabs.sty
Package: booktabs 2020/01/12 v1.61803398 Publication quality tables
\heavyrulewidth=\dimen164
\lightrulewidth=\dimen165
\cmidrulewidth=\dimen166
\belowrulesep=\dimen167
\belowbottomsep=\dimen168
\aboverulesep=\dimen169
\abovetopsep=\dimen170
\cmidrulesep=\dimen171
\cmidrulekern=\dimen172
\defaultaddspace=\dimen173
\@cmidla=\count288
\@cmidlb=\count289
\@aboverulesep=\dimen174
\@belowrulesep=\dimen175
\@thisruleclass=\count290
\@lastruleclass=\count291
\@thisrulewidth=\dimen176
)
(/nix/store/nn50xms44xc7fhb1cm6vicw77hpppxzl-texlive-2023-env-texmfdist/tex/lat
ex/tools/array.sty
Package: array 2023/10/16 v2.5g Tabular extension package (FMi)
\col@sep=\dimen177
\ar@mcellbox=\box60
\extrarowheight=\dimen178
\NC@list=\toks29
\extratabsurround=\skip59
\backup@length=\skip60
\ar@cellbox=\box61
)
(/nix/store/nn50xms44xc7fhb1cm6vicw77hpppxzl-texlive-2023-env-texmfdist/tex/lat
ex/tools/calc.sty
Package: calc 2023/07/08 v4.3 Infix arithmetic (KKT,FJ)
\calc@Acount=\count292
\calc@Bcount=\count293
\calc@Adimen=\dimen179
\calc@Bdimen=\dimen180
\calc@Askip=\skip61
\calc@Bskip=\skip62
LaTeX Info: Redefining \setlength on input line 80.
LaTeX Info: Redefining \addtolength on input line 81.
\calc@Ccount=\count294
\calc@Cskip=\skip63
)
(/nix/store/nn50xms44xc7fhb1cm6vicw77hpppxzl-texlive-2023-env-texmfdist/tex/lat
ex/footnotehyper/footnotehyper.sty
Package: footnotehyper 2021/08/13 v1.1e hyperref aware footnote.sty (JFB)
\FNH@notes=\box62
\FNH@width=\dimen181
\FNH@toks=\toks30
)
(/nix/store/nn50xms44xc7fhb1cm6vicw77hpppxzl-texlive-2023-env-texmfdist/tex/lat
ex/graphics/graphicx.sty
Package: graphicx 2021/09/16 v1.2d Enhanced LaTeX Graphics (DPC,SPQR)

(/nix/store/nn50xms44xc7fhb1cm6vicw77hpppxzl-texlive-2023-env-texmfdist/tex/lat
ex/graphics/graphics.sty
Package: graphics 2022/03/10 v1.4e Standard LaTeX Graphics (DPC,SPQR)

(/nix/store/nn50xms44xc7fhb1cm6vicw77hpppxzl-texlive-2023-env-texmfdist/tex/lat
ex/graphics/trig.sty
Package: trig 2021/08/11 v1.11 sin cos tan (DPC)
)
(/nix/store/nn50xms44xc7fhb1cm6vicw77hpppxzl-texlive-2023-env-texmfdist/tex/lat
ex/graphics-cfg/graphics.cfg
File: graphics.cfg 2016/06/04 v1.11 sample graphics configuration
)
Package graphics Info: Driver file: pdftex.def on input line 107.
)
\Gin@req@height=\dimen182
\Gin@req@width=\dimen183
)
(/nix/store/nn50xms44xc7fhb1cm6vicw77hpppxzl-texlive-2023-env-texmfdist/tex/lat
ex/bookmark/bookmark.sty
Package: bookmark 2023-12-10 v1.31 PDF bookmarks (HO)

(/nix/store/nn50xms44xc7fhb1cm6vicw77hpppxzl-texlive-2023-env-texmfdist/tex/lat
ex/hyperref/hyperref.sty
Package: hyperref 2024-01-20 v7.01h Hypertext links for LaTeX

(/nix/store/nn50xms44xc7fhb1cm6vicw77hpppxzl-texlive-2023-env-texmfdist/tex/gen
eric/kvdefinekeys/kvdefinekeys.sty
Package: kvdefinekeys 2019-12-19 v1.6 Define keys (HO)
)
(/nix/store/nn50xms44xc7fhb1cm6vicw77hpppxzl-texlive-2023-env-texmfdist/tex/gen
eric/pdfescape/pdfescape.sty
Package: pdfescape 2019/12/09 v1.15 Implements pdfTeX's escape features (HO)

(/nix/store/nn50xms44xc7fhb1cm6vicw77hpppxzl-texlive-2023-env-texmfdist/tex/gen
eric/pdftexcmds/pdftexcmds.sty
Package: pdftexcmds 2020-06-27 v0.33 Utility functions of pdfTeX for LuaTeX (HO
)

(/nix/store/nn50xms44xc7fhb1cm6vicw77hpppxzl-texlive-2023-env-texmfdist/tex/gen
eric/infwarerr/infwarerr.sty
Package: infwarerr 2019/12/03 v1.5 Providing info/warning/error messages (HO)
)
Package pdftexcmds Info: \pdf@primitive is available.
Package pdftexcmds Info: \pdf@ifprimitive is available.
Package pdftexcmds Info: \pdfdraftmode found.
))
(/nix/store/nn50xms44xc7fhb1cm6vicw77hpppxzl-texlive-2023-env-texmfdist/tex/lat
ex/hycolor/hycolor.sty
Package: hycolor 2020-01-27 v1.10 Color options for hyperref/bookmark (HO)
)
(/nix/store/nn50xms44xc7fhb1cm6vicw77hpppxzl-texlive-2023-env-texmfdist/tex/lat
ex/auxhook/auxhook.sty
Package: auxhook 2019-12-17 v1.6 Hooks for auxiliary files (HO)
)
(/nix/store/nn50xms44xc7fhb1cm6vicw77hpppxzl-texlive-2023-env-texmfdist/tex/lat
ex/hyperref/nameref.sty
Package: nameref 2023-11-26 v2.56 Cross-referencing by name of section

(/nix/store/nn50xms44xc7fhb1cm6vicw77hpppxzl-texlive-2023-env-texmfdist/tex/lat
ex/refcount/refcount.sty
Package: refcount 2019/12/15 v3.6 Data extraction from label references (HO)
)
(/nix/store/nn50xms44xc7fhb1cm6vicw77hpppxzl-texlive-2023-env-texmfdist/tex/gen
eric/gettitlestring/gettitlestring.sty
Package: gettitlestring 2019/12/15 v1.6 Cleanup title references (HO)
)
\c@section@level=\count295
)
\@linkdim=\dimen184
\Hy@linkcounter=\count296
\Hy@pagecounter=\count297

(/nix/store/nn50xms44xc7fhb1cm6vicw77hpppxzl-texlive-2023-env-texmfdist/tex/lat
ex/hyperref/pd1enc.def
File: pd1enc.def 2024-01-20 v7.01h Hyperref: PDFDocEncoding definition (HO)
Now handling font encoding PD1 ...
... no UTF-8 mapping file for font encoding PD1
)
(/nix/store/nn50xms44xc7fhb1cm6vicw77hpppxzl-texlive-2023-env-texmfdist/tex/gen
eric/intcalc/intcalc.sty
Package: intcalc 2019/12/15 v1.3 Expandable calculations with integers (HO)
)
\Hy@SavedSpaceFactor=\count298

(/nix/store/nn50xms44xc7fhb1cm6vicw77hpppxzl-texlive-2023-env-texmfdist/tex/lat
ex/hyperref/puenc.def
File: puenc.def 2024-01-20 v7.01h Hyperref: PDF Unicode definition (HO)
Now handling font encoding PU ...
... no UTF-8 mapping file for font encoding PU
)
Package hyperref Info: Option `unicode' set `true' on input line 4062.
Package hyperref Info: Hyper figures OFF on input line 4179.
Package hyperref Info: Link nesting OFF on input line 4184.
Package hyperref Info: Hyper index ON on input line 4187.
Package hyperref Info: Plain pages OFF on input line 4194.
Package hyperref Info: Backreferencing OFF on input line 4199.
Package hyperref Info: Implicit mode ON; LaTeX internals redefined.
Package hyperref Info: Bookmarks ON on input line 4446.
\c@Hy@tempcnt=\count299

(/nix/store/nn50xms44xc7fhb1cm6vicw77hpppxzl-texlive-2023-env-texmfdist/tex/lat
ex/url/url.sty
\Urlmuskip=\muskip17
Package: url 2013/09/16  ver 3.4  Verb mode for urls, etc.
)
LaTeX Info: Redefining \url on input line 4784.
\XeTeXLinkMargin=\dimen185

(/nix/store/nn50xms44xc7fhb1cm6vicw77hpppxzl-texlive-2023-env-texmfdist/tex/gen
eric/bitset/bitset.sty
Package: bitset 2019/12/09 v1.3 Handle bit-vector datatype (HO)

(/nix/store/nn50xms44xc7fhb1cm6vicw77hpppxzl-texlive-2023-env-texmfdist/tex/gen
eric/bigintcalc/bigintcalc.sty
Package: bigintcalc 2019/12/15 v1.5 Expandable calculations on big integers (HO
)
))
\Fld@menulength=\count300
\Field@Width=\dimen186
\Fld@charsize=\dimen187
Package hyperref Info: Hyper figures OFF on input line 6063.
Package hyperref Info: Link nesting OFF on input line 6068.
Package hyperref Info: Hyper index ON on input line 6071.
Package hyperref Info: backreferencing OFF on input line 6078.
Package hyperref Info: Link coloring OFF on input line 6083.
Package hyperref Info: Link coloring with OCG OFF on input line 6088.
Package hyperref Info: PDF/A mode OFF on input line 6093.

(/nix/store/nn50xms44xc7fhb1cm6vicw77hpppxzl-texlive-2023-env-texmfdist/tex/lat
ex/base/atbegshi-ltx.sty
Package: atbegshi-ltx 2021/01/10 v1.0c Emulation of the original atbegshi
package with kernel methods
)
\Hy@abspage=\count301
\c@Item=\count302
\c@Hfootnote=\count303
)
Package hyperref Info: Driver (autodetected): hpdftex.

(/nix/store/nn50xms44xc7fhb1cm6vicw77hpppxzl-texlive-2023-env-texmfdist/tex/lat
ex/hyperref/hpdftex.def
File: hpdftex.def 2024-01-20 v7.01h Hyperref driver for pdfTeX

(/nix/store/nn50xms44xc7fhb1cm6vicw77hpppxzl-texlive-2023-env-texmfdist/tex/lat
ex/base/atveryend-ltx.sty
Package: atveryend-ltx 2020/08/19 v1.0a Emulation of the original atveryend pac
kage
with kernel methods
)
\Fld@listcount=\count304
\c@bookmark@seq@number=\count305

(/nix/store/nn50xms44xc7fhb1cm6vicw77hpppxzl-texlive-2023-env-texmfdist/tex/lat
ex/rerunfilecheck/rerunfilecheck.sty
Package: rerunfilecheck 2022-07-10 v1.10 Rerun checks for auxiliary files (HO)

(/nix/store/nn50xms44xc7fhb1cm6vicw77hpppxzl-texlive-2023-env-texmfdist/tex/gen
eric/uniquecounter/uniquecounter.sty
Package: uniquecounter 2019/12/15 v1.4 Provide unlimited unique counter (HO)
)
Package uniquecounter Info: New unique counter `rerunfilecheck' on input line 2
85.
)
\Hy@SectionHShift=\skip64
)
(/nix/store/nn50xms44xc7fhb1cm6vicw77hpppxzl-texlive-2023-env-texmfdist/tex/lat
ex/bookmark/bkm-pdftex.def
File: bkm-pdftex.def 2023-12-10 v1.31 bookmark driver for pdfTeX and luaTeX (HO
)
\BKM@id=\count306
))
(/nix/store/nn50xms44xc7fhb1cm6vicw77hpppxzl-texlive-2023-env-texmfdist/tex/lat
ex/xurl/xurl.sty
Package: xurl 2022/01/09 v 0.10 modify URL breaks
)
LaTeX Font Info:    Trying to load font information for T1+lmr on input line 12
3.

(/nix/store/nn50xms44xc7fhb1cm6vicw77hpppxzl-texlive-2023-env-texmfdist/tex/lat
ex/lm/t1lmr.fd
File: t1lmr.fd 2015/05/01 v1.6.1 Font defs for Latin Modern
)
(/nix/store/nn50xms44xc7fhb1cm6vicw77hpppxzl-texlive-2023-env-texmfdist/tex/lat
ex/l3backend/l3backend-pdftex.def
File: l3backend-pdftex.def 2024-02-20 L3 backend support: PDF output (pdfTeX)
\l__color_backend_stack_int=\count307
\l__pdf_internal_box=\box63
)
No file Ass1.aux.
\openout1 = `Ass1.aux'.

LaTeX Font Info:    Checking defaults for OML/cmm/m/it on input line 123.
LaTeX Font Info:    ... okay on input line 123.
LaTeX Font Info:    Checking defaults for OMS/cmsy/m/n on input line 123.
LaTeX Font Info:    ... okay on input line 123.
LaTeX Font Info:    Checking defaults for OT1/cmr/m/n on input line 123.
LaTeX Font Info:    ... okay on input line 123.
LaTeX Font Info:    Checking defaults for T1/cmr/m/n on input line 123.
LaTeX Font Info:    ... okay on input line 123.
LaTeX Font Info:    Checking defaults for TS1/cmr/m/n on input line 123.
LaTeX Font Info:    ... okay on input line 123.
LaTeX Font Info:    Checking defaults for OMX/cmex/m/n on input line 123.
LaTeX Font Info:    ... okay on input line 123.
LaTeX Font Info:    Checking defaults for U/cmr/m/n on input line 123.
LaTeX Font Info:    ... okay on input line 123.
LaTeX Font Info:    Checking defaults for PD1/pdf/m/n on input line 123.
LaTeX Font Info:    ... okay on input line 123.
LaTeX Font Info:    Checking defaults for PU/pdf/m/n on input line 123.
LaTeX Font Info:    ... okay on input line 123.
LaTeX Info: Redefining \microtypecontext on input line 123.
Package microtype Info: Applying patch `item' on input line 123.
Package microtype Info: Applying patch `toc' on input line 123.
Package microtype Info: Applying patch `eqnum' on input line 123.
Package microtype Info: Applying patch `footnote' on input line 123.
Package microtype Info: Applying patch `verbatim' on input line 123.
Package microtype Info: Generating PDF output.
Package microtype Info: Character protrusion enabled (level 2).
Package microtype Info: Using protrusion set `basicmath'.
Package microtype Info: Automatic font expansion enabled (level 2),
(microtype)             stretch: 20, shrink: 20, step: 1, non-selected.
Package microtype Info: Using default expansion set `alltext-nott'.
LaTeX Info: Redefining \showhyphens on input line 123.
Package microtype Info: No adjustment of tracking.
Package microtype Info: No adjustment of interword spacing.
Package microtype Info: No adjustment of character kerning.

(/nix/store/nn50xms44xc7fhb1cm6vicw77hpppxzl-texlive-2023-env-texmfdist/tex/lat
ex/microtype/mt-cmr.cfg
File: mt-cmr.cfg 2013/05/19 v2.2 microtype config. file: Computer Modern Roman 
(RS)
)
(/nix/store/nn50xms44xc7fhb1cm6vicw77hpppxzl-texlive-2023-env-texmfdist/tex/con
text/base/mkii/supp-pdf.mkii
[Loading MPS to PDF converter (version 2006.09.02).]
\scratchcounter=\count308
\scratchdimen=\dimen188
\scratchbox=\box64
\nofMPsegments=\count309
\nofMParguments=\count310
\everyMPshowfont=\toks31
\MPscratchCnt=\count311
\MPscratchDim=\dimen189
\MPnumerator=\count312
\makeMPintoPDFobject=\count313
\everyMPtoPDFconversion=\toks32
)
(/nix/store/nn50xms44xc7fhb1cm6vicw77hpppxzl-texlive-2023-env-texmfdist/tex/lat
ex/epstopdf-pkg/epstopdf-base.sty
Package: epstopdf-base 2020-01-24 v2.11 Base part for package epstopdf
Package epstopdf-base Info: Redefining graphics rule for `.eps' on input line 4
85.

(/nix/store/nn50xms44xc7fhb1cm6vicw77hpppxzl-texlive-2023-env-texmfdist/tex/lat
ex/latexconfig/epstopdf-sys.cfg
File: epstopdf-sys.cfg 2010/07/13 v1.3 Configuration of (r)epstopdf for TeX Liv
e
))
*geometry* driver: auto-detecting
*geometry* detected driver: pdftex
*geometry* verbose mode - [ preamble ] result:
* driver: pdftex
* paper: <default>
* layout: <same size as paper>
* layoutoffset:(h,v)=(0.0pt,0.0pt)
* modes: 
* h-part:(L,W,R)=(72.26999pt, 469.75502pt, 72.26999pt)
* v-part:(T,H,B)=(72.26999pt, 650.43001pt, 72.26999pt)
* \paperwidth=614.295pt
* \paperheight=794.96999pt
* \textwidth=469.75502pt
* \textheight=650.43001pt
* \oddsidemargin=0.0pt
* \evensidemargin=0.0pt
* \topmargin=-37.0pt
* \headheight=12.0pt
* \headsep=25.0pt
* \topskip=10.0pt
* \footskip=30.0pt
* \marginparwidth=65.0pt
* \marginparsep=11.0pt
* \columnsep=10.0pt
* \skip\footins=9.0pt plus 4.0pt minus 2.0pt
* \hoffset=0.0pt
* \voffset=0.0pt
* \mag=1000
* \@twocolumnfalse
* \@twosidefalse
* \@mparswitchfalse
* \@reversemarginfalse
* (1in=72.27pt=25.4mm, 1cm=28.453pt)

Package hyperref Info: Link coloring OFF on input line 123.
LaTeX Font Info:    Trying to load font information for OT1+lmr on input line 1
25.

(/nix/store/nn50xms44xc7fhb1cm6vicw77hpppxzl-texlive-2023-env-texmfdist/tex/lat
ex/lm/ot1lmr.fd
File: ot1lmr.fd 2015/05/01 v1.6.1 Font defs for Latin Modern
)
LaTeX Font Info:    Trying to load font information for OML+lmm on input line 1
25.

(/nix/store/nn50xms44xc7fhb1cm6vicw77hpppxzl-texlive-2023-env-texmfdist/tex/lat
ex/lm/omllmm.fd
File: omllmm.fd 2015/05/01 v1.6.1 Font defs for Latin Modern
)
LaTeX Font Info:    Trying to load font information for OMS+lmsy on input line 
125.

(/nix/store/nn50xms44xc7fhb1cm6vicw77hpppxzl-texlive-2023-env-texmfdist/tex/lat
ex/lm/omslmsy.fd
File: omslmsy.fd 2015/05/01 v1.6.1 Font defs for Latin Modern
)
LaTeX Font Info:    Trying to load font information for OMX+lmex on input line 
125.

(/nix/store/nn50xms44xc7fhb1cm6vicw77hpppxzl-texlive-2023-env-texmfdist/tex/lat
ex/lm/omxlmex.fd
File: omxlmex.fd 2015/05/01 v1.6.1 Font defs for Latin Modern
)
LaTeX Font Info:    External font `lmex10' loaded for size
(Font)              <12> on input line 125.
LaTeX Font Info:    External font `lmex10' loaded for size
(Font)              <8> on input line 125.
LaTeX Font Info:    External font `lmex10' loaded for size
(Font)              <6> on input line 125.
LaTeX Font Info:    Trying to load font information for U+msa on input line 125
.

(/nix/store/nn50xms44xc7fhb1cm6vicw77hpppxzl-texlive-2023-env-texmfdist/tex/lat
ex/amsfonts/umsa.fd
File: umsa.fd 2013/01/14 v3.01 AMS symbols A
)
(/nix/store/nn50xms44xc7fhb1cm6vicw77hpppxzl-texlive-2023-env-texmfdist/tex/lat
ex/microtype/mt-msa.cfg
File: mt-msa.cfg 2006/02/04 v1.1 microtype config. file: AMS symbols (a) (RS)
)
LaTeX Font Info:    Trying to load font information for U+msb on input line 125
.

(/nix/store/nn50xms44xc7fhb1cm6vicw77hpppxzl-texlive-2023-env-texmfdist/tex/lat
ex/amsfonts/umsb.fd
File: umsb.fd 2013/01/14 v3.01 AMS symbols B
)
(/nix/store/nn50xms44xc7fhb1cm6vicw77hpppxzl-texlive-2023-env-texmfdist/tex/lat
ex/microtype/mt-msb.cfg
File: mt-msb.cfg 2005/06/01 v1.0 microtype config. file: AMS symbols (b) (RS)
)
LaTeX Font Info:    Trying to load font information for T1+lmtt on input line 1
27.

(/nix/store/nn50xms44xc7fhb1cm6vicw77hpppxzl-texlive-2023-env-texmfdist/tex/lat
ex/lm/t1lmtt.fd
File: t1lmtt.fd 2015/05/01 v1.6.1 Font defs for Latin Modern
)
LaTeX Font Info:    Font shape `T1/lmtt/bx/n' in size <10> not available
(Font)              Font shape `T1/lmtt/b/n' tried instead on input line 128.
<Ass1_files/figure-latex/E1_b-1.pdf, id=4, 469.755pt x 325.215pt>
File: Ass1_files/figure-latex/E1_b-1.pdf Graphic file (type pdf)
<use Ass1_files/figure-latex/E1_b-1.pdf>
Package pdftex.def Info: Ass1_files/figure-latex/E1_b-1.pdf  used on input line
 178.
(pdftex.def)             Requested size: 469.75386pt x 325.2142pt.
[1

{/nix/store/vd70007fx3fj01rf0mpnnqqsrp7i0qqp-texlive-2023-env/share/texmf-var/f
onts/map/pdftex/updmap/pdftex.map}{/nix/store/nn50xms44xc7fhb1cm6vicw77hpppxzl-
texlive-2023-env-texmfdist/fonts/enc/dvips/lm/lm-ec.enc}]

Package longtable Warning: Column widths have changed
(longtable)                in table 1 on input line 260.

[2 <./Ass1_files/figure-latex/E1_b-1.pdf>] [3]
<Ass1_files/figure-latex/E1_d-1.pdf, id=35, 469.755pt x 325.215pt>
File: Ass1_files/figure-latex/E1_d-1.pdf Graphic file (type pdf)
<use Ass1_files/figure-latex/E1_d-1.pdf>
Package pdftex.def Info: Ass1_files/figure-latex/E1_d-1.pdf  used on input line
 278.
(pdftex.def)             Requested size: 469.75386pt x 325.2142pt.
[4 <./Ass1_files/figure-latex/E1_d-1.pdf>]
LaTeX Font Info:    Trying to load font information for TS1+lmr on input line 3
28.

(/nix/store/nn50xms44xc7fhb1cm6vicw77hpppxzl-texlive-2023-env-texmfdist/tex/lat
ex/lm/ts1lmr.fd
File: ts1lmr.fd 2015/05/01 v1.6.1 Font defs for Latin Modern
)
LaTeX Font Info:    Trying to load font information for TS1+lmtt on input line 
371.

(/nix/store/nn50xms44xc7fhb1cm6vicw77hpppxzl-texlive-2023-env-texmfdist/tex/lat
ex/lm/ts1lmtt.fd
File: ts1lmtt.fd 2015/05/01 v1.6.1 Font defs for Latin Modern
)
<Ass1_files/figure-latex/E2_a_2-1.pdf, id=47, 469.755pt x 325.215pt>
File: Ass1_files/figure-latex/E2_a_2-1.pdf Graphic file (type pdf)
<use Ass1_files/figure-latex/E2_a_2-1.pdf>
Package pdftex.def Info: Ass1_files/figure-latex/E2_a_2-1.pdf  used on input li
ne 375.
(pdftex.def)             Requested size: 469.75386pt x 325.2142pt.
[5{/nix/store/nn50xms44xc7fhb1cm6vicw77hpppxzl-texlive-2023-env-texmfdist/fonts
/enc/dvips/lm/lm-ts1.enc}]
<Ass1_files/figure-latex/E2_a_3-1.pdf, id=56, 469.755pt x 325.215pt>
File: Ass1_files/figure-latex/E2_a_3-1.pdf Graphic file (type pdf)
<use Ass1_files/figure-latex/E2_a_3-1.pdf>
Package pdftex.def Info: Ass1_files/figure-latex/E2_a_3-1.pdf  used on input li
ne 388.
(pdftex.def)             Requested size: 469.75386pt x 325.2142pt.
[6 <./Ass1_files/figure-latex/E2_a_2-1.pdf>]
<Ass1_files/figure-latex/E2_a_4-1.pdf, id=66, 469.755pt x 325.215pt>
File: Ass1_files/figure-latex/E2_a_4-1.pdf Graphic file (type pdf)
<use Ass1_files/figure-latex/E2_a_4-1.pdf>
Package pdftex.def Info: Ass1_files/figure-latex/E2_a_4-1.pdf  used on input li
ne 400.
(pdftex.def)             Requested size: 469.75386pt x 325.2142pt.
[7 <./Ass1_files/figure-latex/E2_a_3-1.pdf>]
<Ass1_files/figure-latex/E2_a_5-1.pdf, id=77, 469.755pt x 325.215pt>
File: Ass1_files/figure-latex/E2_a_5-1.pdf Graphic file (type pdf)
<use Ass1_files/figure-latex/E2_a_5-1.pdf>
Package pdftex.def Info: Ass1_files/figure-latex/E2_a_5-1.pdf  used on input li
ne 425.
(pdftex.def)             Requested size: 469.75386pt x 325.2142pt.
[8 <./Ass1_files/figure-latex/E2_a_4-1.pdf>]
<Ass1_files/figure-latex/E2_a_6-1.pdf, id=88, 469.755pt x 325.215pt>
File: Ass1_files/figure-latex/E2_a_6-1.pdf Graphic file (type pdf)
<use Ass1_files/figure-latex/E2_a_6-1.pdf>
Package pdftex.def Info: Ass1_files/figure-latex/E2_a_6-1.pdf  used on input li
ne 440.
(pdftex.def)             Requested size: 469.75386pt x 325.2142pt.
[9 <./Ass1_files/figure-latex/E2_a_5-1.pdf>]
<Ass1_files/figure-latex/E2_a_7-1.pdf, id=98, 469.755pt x 325.215pt>
File: Ass1_files/figure-latex/E2_a_7-1.pdf Graphic file (type pdf)
<use Ass1_files/figure-latex/E2_a_7-1.pdf>
Package pdftex.def Info: Ass1_files/figure-latex/E2_a_7-1.pdf  used on input li
ne 455.
(pdftex.def)             Requested size: 469.75386pt x 325.2142pt.
[10 <./Ass1_files/figure-latex/E2_a_6-1.pdf>]
<Ass1_files/figure-latex/E2_a_8-1.pdf, id=108, 469.755pt x 325.215pt>
File: Ass1_files/figure-latex/E2_a_8-1.pdf Graphic file (type pdf)
<use Ass1_files/figure-latex/E2_a_8-1.pdf>
Package pdftex.def Info: Ass1_files/figure-latex/E2_a_8-1.pdf  used on input li
ne 470.
(pdftex.def)             Requested size: 469.75386pt x 325.2142pt.
[11 <./Ass1_files/figure-latex/E2_a_7-1.pdf>]
<Ass1_files/figure-latex/E2_a_9-1.pdf, id=118, 469.755pt x 325.215pt>
File: Ass1_files/figure-latex/E2_a_9-1.pdf Graphic file (type pdf)
<use Ass1_files/figure-latex/E2_a_9-1.pdf>
Package pdftex.def Info: Ass1_files/figure-latex/E2_a_9-1.pdf  used on input li
ne 485.
(pdftex.def)             Requested size: 469.75386pt x 325.2142pt.
[12 <./Ass1_files/figure-latex/E2_a_8-1.pdf>]
<Ass1_files/figure-latex/E2_a_11-1.pdf, id=128, 469.755pt x 325.215pt>
File: Ass1_files/figure-latex/E2_a_11-1.pdf Graphic file (type pdf)
<use Ass1_files/figure-latex/E2_a_11-1.pdf>
Package pdftex.def Info: Ass1_files/figure-latex/E2_a_11-1.pdf  used on input l
ine 500.
(pdftex.def)             Requested size: 469.75386pt x 325.2142pt.
[13 <./Ass1_files/figure-latex/E2_a_9-1.pdf>]
<Ass1_files/figure-latex/E2_a_10-1.pdf, id=139, 469.755pt x 325.215pt>
File: Ass1_files/figure-latex/E2_a_10-1.pdf Graphic file (type pdf)
<use Ass1_files/figure-latex/E2_a_10-1.pdf>
Package pdftex.def Info: Ass1_files/figure-latex/E2_a_10-1.pdf  used on input l
ine 515.
(pdftex.def)             Requested size: 469.75386pt x 325.2142pt.
[14 <./Ass1_files/figure-latex/E2_a_11-1.pdf>] [15 <./Ass1_files/figure-latex/E
2_a_10-1.pdf>] [16] [17]
LaTeX Font Info:    External font `lmex10' loaded for size
(Font)              <10> on input line 727.
LaTeX Font Info:    External font `lmex10' loaded for size
(Font)              <7> on input line 727.
LaTeX Font Info:    External font `lmex10' loaded for size
(Font)              <5> on input line 727.
[18{/nix/store/nn50xms44xc7fhb1cm6vicw77hpppxzl-texlive-2023-env-texmfdist/font
s/enc/dvips/lm/lm-mathit.enc}{/nix/store/nn50xms44xc7fhb1cm6vicw77hpppxzl-texli
ve-2023-env-texmfdist/fonts/enc/dvips/lm/lm-mathsy.enc}{/nix/store/nn50xms44xc7
fhb1cm6vicw77hpppxzl-texlive-2023-env-texmfdist/fonts/enc/dvips/lm/lm-rm.enc}{/
nix/store/nn50xms44xc7fhb1cm6vicw77hpppxzl-texlive-2023-env-texmfdist/fonts/enc
/dvips/lm/lm-mathex.enc}] [19]
<Ass1_files/figure-latex/E3_b_1-1.pdf, id=195, 469.755pt x 325.215pt>
File: Ass1_files/figure-latex/E3_b_1-1.pdf Graphic file (type pdf)
<use Ass1_files/figure-latex/E3_b_1-1.pdf>
Package pdftex.def Info: Ass1_files/figure-latex/E3_b_1-1.pdf  used on input li
ne 886.
(pdftex.def)             Requested size: 469.75386pt x 325.2142pt.
<Ass1_files/figure-latex/E3_b_2-1.pdf, id=196, 469.755pt x 325.215pt>
File: Ass1_files/figure-latex/E3_b_2-1.pdf Graphic file (type pdf)
<use Ass1_files/figure-latex/E3_b_2-1.pdf>
Package pdftex.def Info: Ass1_files/figure-latex/E3_b_2-1.pdf  used on input li
ne 901.
(pdftex.def)             Requested size: 469.75386pt x 325.2142pt.
[20 <./Ass1_files/figure-latex/E3_b_1-1.pdf>]
<Ass1_files/figure-latex/E3_b_3-1.pdf, id=210, 469.755pt x 325.215pt>
File: Ass1_files/figure-latex/E3_b_3-1.pdf Graphic file (type pdf)
<use Ass1_files/figure-latex/E3_b_3-1.pdf>
Package pdftex.def Info: Ass1_files/figure-latex/E3_b_3-1.pdf  used on input li
ne 918.
(pdftex.def)             Requested size: 469.75386pt x 325.2142pt.
[21 <./Ass1_files/figure-latex/E3_b_2-1.pdf>]
<Ass1_files/figure-latex/E3_b_4-1.pdf, id=221, 469.755pt x 325.215pt>
File: Ass1_files/figure-latex/E3_b_4-1.pdf Graphic file (type pdf)
<use Ass1_files/figure-latex/E3_b_4-1.pdf>
Package pdftex.def Info: Ass1_files/figure-latex/E3_b_4-1.pdf  used on input li
ne 935.
(pdftex.def)             Requested size: 469.75386pt x 325.2142pt.
[22 <./Ass1_files/figure-latex/E3_b_3-1.pdf>] [23 <./Ass1_files/figure-latex/E3
_b_4-1.pdf>]
<Ass1_files/figure-latex/E3_c_plots-1.pdf, id=242, 469.755pt x 325.215pt>
File: Ass1_files/figure-latex/E3_c_plots-1.pdf Graphic file (type pdf)
<use Ass1_files/figure-latex/E3_c_plots-1.pdf>
Package pdftex.def Info: Ass1_files/figure-latex/E3_c_plots-1.pdf  used on inpu
t line 1003.
(pdftex.def)             Requested size: 469.75386pt x 325.2142pt.
[24]
<Ass1_files/figure-latex/E3_c_plots-2.pdf, id=248, 469.755pt x 325.215pt>
File: Ass1_files/figure-latex/E3_c_plots-2.pdf Graphic file (type pdf)
<use Ass1_files/figure-latex/E3_c_plots-2.pdf>
Package pdftex.def Info: Ass1_files/figure-latex/E3_c_plots-2.pdf  used on inpu
t line 1012.
(pdftex.def)             Requested size: 469.75386pt x 325.2142pt.
[25 <./Ass1_files/figure-latex/E3_c_plots-1.pdf>]
<Ass1_files/figure-latex/E3_c_plots-3.pdf, id=259, 469.755pt x 325.215pt>
File: Ass1_files/figure-latex/E3_c_plots-3.pdf Graphic file (type pdf)
<use Ass1_files/figure-latex/E3_c_plots-3.pdf>
Package pdftex.def Info: Ass1_files/figure-latex/E3_c_plots-3.pdf  used on inpu
t line 1020.
(pdftex.def)             Requested size: 469.75386pt x 325.2142pt.
[26 <./Ass1_files/figure-latex/E3_c_plots-2.pdf>]
<Ass1_files/figure-latex/E3_c_plots-4.pdf, id=269, 469.755pt x 325.215pt>
File: Ass1_files/figure-latex/E3_c_plots-4.pdf Graphic file (type pdf)
<use Ass1_files/figure-latex/E3_c_plots-4.pdf>
Package pdftex.def Info: Ass1_files/figure-latex/E3_c_plots-4.pdf  used on inpu
t line 1028.
(pdftex.def)             Requested size: 469.75386pt x 325.2142pt.
[27 <./Ass1_files/figure-latex/E3_c_plots-3.pdf>]
<Ass1_files/figure-latex/E3_c_plots-5.pdf, id=279, 469.755pt x 325.215pt>
File: Ass1_files/figure-latex/E3_c_plots-5.pdf Graphic file (type pdf)
<use Ass1_files/figure-latex/E3_c_plots-5.pdf>
Package pdftex.def Info: Ass1_files/figure-latex/E3_c_plots-5.pdf  used on inpu
t line 1036.
(pdftex.def)             Requested size: 469.75386pt x 325.2142pt.
[28 <./Ass1_files/figure-latex/E3_c_plots-4.pdf>]
<Ass1_files/figure-latex/E3_c_bHomoscedastiicty-1.pdf, id=289, 469.755pt x 325.
215pt>
File: Ass1_files/figure-latex/E3_c_bHomoscedastiicty-1.pdf Graphic file (type p
df)
<use Ass1_files/figure-latex/E3_c_bHomoscedastiicty-1.pdf>
Package pdftex.def Info: Ass1_files/figure-latex/E3_c_bHomoscedastiicty-1.pdf  
used on input line 1047.
(pdftex.def)             Requested size: 469.75386pt x 325.2142pt.
[29 <./Ass1_files/figure-latex/E3_c_plots-5.pdf>]
<Ass1_files/figure-latex/E3_c_bHomoscedastiicty-2.pdf, id=301, 469.755pt x 325.
215pt>
File: Ass1_files/figure-latex/E3_c_bHomoscedastiicty-2.pdf Graphic file (type p
df)
<use Ass1_files/figure-latex/E3_c_bHomoscedastiicty-2.pdf>
Package pdftex.def Info: Ass1_files/figure-latex/E3_c_bHomoscedastiicty-2.pdf  
used on input line 1056.
(pdftex.def)             Requested size: 469.75386pt x 325.2142pt.
[30 <./Ass1_files/figure-latex/E3_c_bHomoscedastiicty-1.pdf>]
<Ass1_files/figure-latex/E3_c_bLinear-1.pdf, id=311, 469.755pt x 325.215pt>
File: Ass1_files/figure-latex/E3_c_bLinear-1.pdf Graphic file (type pdf)
<use Ass1_files/figure-latex/E3_c_bLinear-1.pdf>
Package pdftex.def Info: Ass1_files/figure-latex/E3_c_bLinear-1.pdf  used on in
put line 1067.
(pdftex.def)             Requested size: 469.75386pt x 325.2142pt.
[31 <./Ass1_files/figure-latex/E3_c_bHomoscedastiicty-2.pdf>]
<Ass1_files/figure-latex/E3_c_bLinear-2.pdf, id=323, 469.755pt x 325.215pt>
File: Ass1_files/figure-latex/E3_c_bLinear-2.pdf Graphic file (type pdf)
<use Ass1_files/figure-latex/E3_c_bLinear-2.pdf>
Package pdftex.def Info: Ass1_files/figure-latex/E3_c_bLinear-2.pdf  used on in
put line 1076.
(pdftex.def)             Requested size: 469.75386pt x 325.2142pt.
[32 <./Ass1_files/figure-latex/E3_c_bLinear-1.pdf>]
<Ass1_files/figure-latex/E3_c_bNorm-1.pdf, id=333, 469.755pt x 325.215pt>
File: Ass1_files/figure-latex/E3_c_bNorm-1.pdf Graphic file (type pdf)
<use Ass1_files/figure-latex/E3_c_bNorm-1.pdf>
Package pdftex.def Info: Ass1_files/figure-latex/E3_c_bNorm-1.pdf  used on inpu
t line 1087.
(pdftex.def)             Requested size: 469.75386pt x 325.2142pt.
[33 <./Ass1_files/figure-latex/E3_c_bLinear-2.pdf>]
<Ass1_files/figure-latex/E3_c_bNorm-2.pdf, id=344, 469.755pt x 325.215pt>
File: Ass1_files/figure-latex/E3_c_bNorm-2.pdf Graphic file (type pdf)
<use Ass1_files/figure-latex/E3_c_bNorm-2.pdf>
Package pdftex.def Info: Ass1_files/figure-latex/E3_c_bNorm-2.pdf  used on inpu
t line 1096.
(pdftex.def)             Requested size: 469.75386pt x 325.2142pt.
[34 <./Ass1_files/figure-latex/E3_c_bNorm-1.pdf>]

! LaTeX Error: Unicode character ρ (U+03C1)
               not set up for use with LaTeX.

See the LaTeX manual or LaTeX Companion for explanation.
Type  H <return>  for immediate help.
 ...                                              
                                                  
l.1128 coefficient, typically denoted as ρ
                                           , ranges from -1 to 1: * A value ...
 
Here is how much of TeX's memory you used:
 14602 strings out of 474116
 242307 string characters out of 5720541
 1965187 words of memory out of 5000000
 36555 multiletter control sequences out of 15000+600000
 622081 words of font info for 136 fonts, out of 8000000 for 9000
 1141 hyphenation exceptions out of 8191
 83i,6n,93p,1001b,708s stack positions out of 10000i,1000n,20000p,200000b,200000s
!  ==> Fatal error occurred, no output PDF file produced!
